2020-04-15T21:30:57.578Z [Server Logs] info: Success! Started on Port: 5005
******************************************************
2020-04-15T21:31:32.910Z [Server Logs] info: Success! Started on Port: 5005
******************************************************
2020-04-15T21:31:35.514Z [Server Logs] info: Success! Started on Port: 5005
******************************************************
2020-04-15T21:32:02.784Z [Server Logs] info: Success! Started on Port: 5005
******************************************************
2020-04-15T21:32:30.224Z [Server Logs] info: Success! Started on Port: 5005
******************************************************
2020-04-15T21:33:29.022Z [Server Logs] info: Success! Started on Port: 5005
******************************************************
2020-04-15T21:33:48.849Z [Server Logs] info: Success! Started on Port: 5005
******************************************************
2020-04-15T21:34:17.426Z [Server Logs] info: Success! Started on Port: 5005
******************************************************
2020-04-15T21:34:50.365Z [Server Logs] info: Success! Started on Port: 5005
******************************************************
2020-04-15T21:35:03.262Z [Server Logs] info: Success! Started on Port: 5005
******************************************************
2020-04-15T21:35:18.880Z [Server Logs] info: Success! Started on Port: 5005
******************************************************
2020-04-15T21:36:11.098Z [Server Logs] info: Success! Started on Port: 5005
******************************************************
2020-04-15T21:37:13.643Z [Server Logs] info: Success! Started on Port: 5005
******************************************************
2020-04-15T21:37:18.336Z [Server Logs] info: Success! Started on Port: 5005
******************************************************
2020-04-15T21:37:31.443Z [Server Logs] info: Success! Started on Port: 5005
******************************************************
2020-04-15T21:38:06.720Z [Server Logs] info: Success! Started on Port: 5005
******************************************************
2020-04-15T21:38:18.872Z [Server Logs] info: Success! Started on Port: 5005
******************************************************
2020-04-15T21:38:21.166Z [Server Logs] info: Success! Started on Port: 5005
******************************************************
2020-04-15T21:39:42.702Z [Server Logs] info: Success! Started on Port: 5005
******************************************************
2020-04-15T21:40:19.482Z [Server Logs] info: Success! Started on Port: 5005
******************************************************
2020-04-15T21:40:39.236Z [Server Logs] info: Success! Started on Port: 5005
******************************************************
2020-04-15T21:40:50.193Z [Server Logs] info: Success! Started on Port: 5005
******************************************************
2020-04-15T21:41:16.711Z [Server Logs] info: Success! Started on Port: 5005
******************************************************
2020-04-15T21:41:31.872Z [Server Logs] info: Success! Started on Port: 5005
******************************************************
2020-04-15T21:43:39.041Z [Server Logs] info: Success! Started on Port: 5005
******************************************************
2020-04-15T21:43:55.648Z [Server Logs] info: Success! Started on Port: 5005
******************************************************
2020-04-15T21:44:16.587Z [Server Logs] info: Success! Started on Port: 5005
******************************************************
2020-04-15T21:45:01.517Z [Server Logs] info: Success! Started on Port: 5005
******************************************************
2020-04-15T21:45:20.488Z [Server Logs] info: Success! Started on Port: 5005
******************************************************
2020-04-15T21:46:12.966Z [Server Logs] info: Success! Started on Port: 5005
******************************************************
2020-04-15T21:46:26.707Z [Server Logs] info: Success! Started on Port: 5005
******************************************************
2020-04-15T21:46:44.462Z [Server Logs] info: Success! Started on Port: 5005
******************************************************
2020-04-15T21:47:45.211Z [Server Logs] info: Success! Started on Port: 5005
******************************************************
2020-04-15T21:47:47.805Z [Server Logs] info: Success! Started on Port: 5005
******************************************************
2020-04-15T21:48:13.046Z [Server Logs] info: Success! Started on Port: 5005
******************************************************
2020-04-15T21:48:29.379Z [Server Logs] info: Success! Started on Port: 5005
******************************************************
2020-04-15T21:48:42.273Z [Server Logs] info: Success! Started on Port: 5005
******************************************************
2020-04-15T21:50:15.809Z [Server Logs] info: Success! Started on Port: 5005
******************************************************
2020-04-15T21:50:33.559Z [Server Logs] info: Success! Started on Port: 5005
******************************************************
2020-04-15T21:50:48.613Z [Server Logs] info: Success! Started on Port: 5005
******************************************************
2020-04-15T21:50:50.662Z [Server Logs] info: Something happened 
2020-04-15T21:51:50.600Z [Server Logs] info: Success! Started on Port: 5005
******************************************************
2020-04-15T21:52:10.767Z [Server Logs] info: Success! Started on Port: 5005
******************************************************
2020-04-15T21:52:21.561Z [Server Logs] info: Success! Started on Port: 5005
******************************************************
2020-04-15T21:52:23.534Z [Server Logs] info: Success! Started on Port: 5005
******************************************************
2020-04-15T21:52:34.042Z [Server Logs] info: Success! Started on Port: 5005
******************************************************
2020-04-15T21:52:39.141Z [Server Logs] info: Success! Started on Port: 5005
******************************************************
2020-04-15T21:52:45.387Z [Server Logs] info: Success! Started on Port: 5005
******************************************************
2020-04-15T21:52:57.788Z [Server Logs] info: Success! Started on Port: 5005
******************************************************
2020-04-15T21:53:09.870Z [Server Logs] info: Something happened 
2020-04-15T21:54:29.850Z [Server Logs] info: Success! Started on Port: 5005
******************************************************
2020-04-15T21:54:46.827Z [Server Logs] info: Success! Started on Port: 5005
******************************************************
2020-04-15T21:55:06.792Z [Server Logs] info: Success! Started on Port: 5005
******************************************************
2020-04-15T21:55:45.057Z [Server Logs] info: undefined
2020-04-15T21:55:45.280Z [Server Logs] info: undefined
2020-04-15T21:55:45.487Z [Server Logs] info: undefined
2020-04-15T21:55:45.818Z [Server Logs] info: undefined
2020-04-15T21:55:53.772Z [Server Logs] info: Success! Started on Port: 5005
******************************************************
2020-04-15T21:55:57.257Z [Server Logs] info: Success! Started on Port: 5005
******************************************************
2020-04-15T21:55:57.860Z [Server Logs] info: 
2020-04-15T21:55:58.013Z [Server Logs] info: 
2020-04-15T21:55:58.341Z [Server Logs] info: 
2020-04-15T21:56:08.345Z [Server Logs] info: Success! Started on Port: 5005
******************************************************
2020-04-15T21:56:11.065Z [Server Logs] info: 
2020-04-15T21:56:11.286Z [Server Logs] info: 
2020-04-15T21:56:18.447Z [Server Logs] info: Success! Started on Port: 5005
******************************************************
2020-04-15T21:56:19.985Z [Server Logs] info: undefined
2020-04-15T21:56:20.212Z [Server Logs] info: undefined
2020-04-15T21:56:30.624Z [Server Logs] info: Success! Started on Port: 5005
******************************************************
2020-04-15T21:56:32.106Z [Server Logs] info: [object Object]
2020-04-15T21:56:51.815Z [Server Logs] info: Success! Started on Port: 5005
******************************************************
2020-04-15T21:56:52.356Z [Server Logs] info: _readableState,readable,_events,_eventsCount,_maxListeners,socket,connection,httpVersionMajor,httpVersionMinor,httpVersion,complete,headers,rawHeaders,trailers,rawTrailers,aborted,upgrade,url,method,statusCode,statusMessage,client,_consuming,_dumped,next,baseUrl,originalUrl,_parsedUrl,params,query,res,_parsedOriginalUrl,body
2020-04-15T21:56:52.722Z [Server Logs] info: _readableState,readable,_events,_eventsCount,_maxListeners,socket,connection,httpVersionMajor,httpVersionMinor,httpVersion,complete,headers,rawHeaders,trailers,rawTrailers,aborted,upgrade,url,method,statusCode,statusMessage,client,_consuming,_dumped,next,baseUrl,originalUrl,_parsedUrl,params,query,res,_parsedOriginalUrl,body
2020-04-15T21:57:11.028Z [Server Logs] info: Success! Started on Port: 5005
******************************************************
2020-04-15T21:57:12.900Z [Server Logs] info: _readableState,readable,_events,_eventsCount,_maxListeners,socket,connection,httpVersionMajor,httpVersionMinor,httpVersion,complete,headers,rawHeaders,trailers,rawTrailers,aborted,upgrade,url,method,statusCode,statusMessage,client,_consuming,_dumped,next,baseUrl,originalUrl,_parsedUrl,params,query,res,_parsedOriginalUrl,body
2020-04-15T21:57:21.149Z [Server Logs] info: Success! Started on Port: 5005
******************************************************
2020-04-15T21:57:22.158Z [Server Logs] info: /asdasasdsa
2020-04-15T21:57:22.375Z [Server Logs] info: /asdasasdsa
2020-04-15T21:58:07.791Z [Server Logs] info: Success! Started on Port: 5005
******************************************************
2020-04-15T21:58:18.247Z [Server Logs] info: Success! Started on Port: 5005
******************************************************
2020-04-15T21:58:43.074Z [Server Logs] info: Success! Started on Port: 5005
******************************************************
2020-04-15T21:59:22.756Z [Server Logs] info: Success! Started on Port: 5005
******************************************************
2020-04-15T21:59:26.458Z [Server Logs] info: Success! Started on Port: 5005
******************************************************
2020-04-15T22:00:09.839Z [Server Logs] info: Success! Started on Port: 5005
******************************************************
2020-04-15T22:02:33.458Z [Server Logs] info: Success! Started on Port: 5005
******************************************************
2020-04-15T22:02:43.113Z [Server Logs] info: Success! Started on Port: 5005
******************************************************
2020-04-15T22:02:59.726Z [Server Logs] info: Success! Started on Port: 5005
******************************************************
2020-04-15T22:03:12.405Z [Server Logs] info: Success! Started on Port: 5005
******************************************************
2020-04-15T22:06:05.214Z [Server Logs] info: Success! Started on Port: 5005
******************************************************
2020-04-15T22:06:32.212Z [Server Logs] info: Success! Started on Port: 5005
******************************************************
2020-04-15T22:06:53.451Z [Server Logs] info: Success! Started on Port: 5005
******************************************************
2020-04-15T22:07:20.252Z [Server Logs] info: Success! Started on Port: 5005
******************************************************
2020-04-15T22:07:29.084Z [Server Logs] info: Success! Started on Port: 5005
******************************************************
2020-04-15T22:07:34.032Z [Server Logs] info: [object Object] [Server Logs] info: /asdasasdsa
2020-04-15T22:07:55.777Z [Server Logs] info: Success! Started on Port: 5005
******************************************************
2020-04-15T22:07:57.112Z [Server Logs] info: [object Object] [Server Logs] info: /asdasasdsa
2020-04-15T22:08:06.567Z [Server Logs] info: Success! Started on Port: 5005
******************************************************
2020-04-15T22:09:00.026Z [Server Logs] info: Success! Started on Port: 5005
******************************************************
2020-04-15T22:09:02.111Z [Server Logs] info: [object Object] [Server Logs] info: /asdasasdsa
2020-04-15T22:09:08.363Z [Server Logs] info: Success! Started on Port: 5005
******************************************************
2020-04-15T22:09:13.657Z [Server Logs] info: Success! Started on Port: 5005
******************************************************
2020-04-15T22:09:36.254Z [Server Logs] info: Success! Started on Port: 5005
******************************************************
2020-04-15T22:09:42.184Z [Server Logs] info: Success! Started on Port: 5005
******************************************************
2020-04-15T22:09:49.478Z [Server Logs] info: function toISOString() { [native code] } [Server Logs] info: /asdasasdsa
2020-04-15T22:09:57.060Z [Server Logs] info: Success! Started on Port: 5005
******************************************************
2020-04-15T22:09:57.916Z [Server Logs] info: 2020-04-15T22:09:57.915Z [Server Logs] info: /asdasasdsa
2020-04-15T22:10:49.321Z [Server Logs] info: Success! Started on Port: 5005
******************************************************
2020-04-15T22:11:07.284Z [Server Logs] info: Success! Started on Port: 5005
******************************************************
2020-04-15T22:11:31.309Z [Server Logs] info: Success! Started on Port: 5005
******************************************************
2020-04-15T22:11:31.856Z [Server Logs] info: [Server Logs] info: /asdasasdsa - GET - 2020-04-15T22:11:31.855Z 
2020-04-15T22:11:47.172Z [Server Logs] info: Success! Started on Port: 5005
******************************************************
2020-04-15T22:11:47.878Z [Server Logs] info: [Server Logs] info: /asdasasdsa - GET - 2020-04-15T22:11:47.878Z 
2020-04-15T22:12:06.266Z [Server Logs] info: Success! Started on Port: 5005
******************************************************
2020-04-15T22:12:08.767Z [Server Logs] info: [Server Logs] info: /asdasasdsa - GET - 2020-04-15T22:12:08.767Z 
2020-04-15T22:12:09.999Z [Server Logs] info: [Server Logs] info: /asdasasdsa - GET - 2020-04-15T22:12:09.999Z 
2020-04-15T22:12:37.773Z [Server Logs] info: Success! Started on Port: 5005
******************************************************
2020-04-15T22:12:38.944Z [Server Logs] info: [Server Logs] info: /asdasasdsa - GET - 2020-04-15T22:12:38.944Z 
2020-04-15T22:12:50.269Z [Server Logs] info: [Server Logs] info: /asdasasdsa - GET - 2020-04-15T22:12:50.269Z 
2020-04-15T22:12:55.192Z [Server Logs] info: [Server Logs] info: /favicon.ico - GET - 2020-04-15T22:12:55.192Z 
2020-04-15T22:13:39.629Z [Server Logs] info: Success! Started on Port: 5005
******************************************************
2020-04-15T22:13:40.617Z [Server Logs] info: Success! Started on Port: 5005
******************************************************
2020-04-15T22:13:51.786Z [Server Logs] info: [Server Logs] info: /favicon.ico - GET - 2020-04-15T22:13:51.786Z 
2020-04-15T22:14:00.519Z [Server Logs] info: Success! Started on Port: 5005
******************************************************
2020-04-15T22:14:12.431Z [Server Logs] info: [Server Logs] info: /favicon.ico - GET - 2020-04-15T22:14:12.430Z 
2020-04-15T22:20:37.554Z [Server Logs] info: Success! Started on Port: 5005
******************************************************
2020-04-15T22:20:54.160Z [Server Logs] info: [Server Logs] info: /favicon.ico - GET - 2020-04-15T22:20:54.160Z 
2020-04-15T22:21:05.315Z [Server Logs] info: Success! Started on Port: 5005
******************************************************
2020-04-15T22:21:08.395Z [Server Logs] info: [Server Logs] info: /favicon.ico - GET - 2020-04-15T22:21:08.395Z 
2020-04-15T22:21:15.705Z [Server Logs] info: Success! Started on Port: 5005
******************************************************
2020-04-15T22:21:19.193Z [Server Logs] info: [Server Logs] info: /favicon.ico - GET - 2020-04-15T22:21:19.193Z 
2020-04-15T22:22:32.584Z [Server Logs] info: [Server Logs] info: /nothing - GET - 2020-04-15T22:22:32.583Z 
2020-04-15T22:23:52.617Z [Server Logs] info: Success! Started on Port: 5005
******************************************************
2020-04-15T22:23:57.341Z [Server Logs] info: [Server Logs] info: /nothing - GET - 2020-04-15T22:23:57.341Z 
2020-04-15T22:23:57.634Z [Server Logs] info: [Server Logs] info: /favicon.ico - GET - 2020-04-15T22:23:57.634Z 
