::1 - - [16/Apr/2020:14:38:22 +0000] "GET / HTTP/1.1" 200 456 "-" "Mozilla/5.0 (Macintosh; Intel Mac OS X 10_14_6) AppleWebKit/537.36 (KHTML, like Gecko) Chrome/80.0.3987.149 Safari/537.36"
::1 - - [16/Apr/2020:14:38:22 +0000] "GET /nothing HTTP/1.1" 404 146 "http://localhost:5005/" "Mozilla/5.0 (Macintosh; Intel Mac OS X 10_14_6) AppleWebKit/537.36 (KHTML, like Gecko) Chrome/80.0.3987.149 Safari/537.36"
::1 - - [16/Apr/2020:14:38:24 +0000] "GET / HTTP/1.1" 200 456 "-" "Mozilla/5.0 (Macintosh; Intel Mac OS X 10_14_6) AppleWebKit/537.36 (KHTML, like Gecko) Chrome/80.0.3987.149 Safari/537.36"
::1 - - [16/Apr/2020:14:38:24 +0000] "GET /nothing HTTP/1.1" 404 146 "http://localhost:5005/" "Mozilla/5.0 (Macintosh; Intel Mac OS X 10_14_6) AppleWebKit/537.36 (KHTML, like Gecko) Chrome/80.0.3987.149 Safari/537.36"
::1 - - [16/Apr/2020:14:38:24 +0000] "GET /favicon.ico HTTP/1.1" 404 150 "http://localhost:5005/" "Mozilla/5.0 (Macintosh; Intel Mac OS X 10_14_6) AppleWebKit/537.36 (KHTML, like Gecko) Chrome/80.0.3987.149 Safari/537.36"
::1 - - [16/Apr/2020:14:44:29 +0000] "GET / HTTP/1.1" 200 456 "-" "Mozilla/5.0 (Macintosh; Intel Mac OS X 10_14_6) AppleWebKit/537.36 (KHTML, like Gecko) Chrome/80.0.3987.149 Safari/537.36"
::1 - - [16/Apr/2020:14:44:30 +0000] "GET /nothing HTTP/1.1" 404 146 "http://localhost:5005/" "Mozilla/5.0 (Macintosh; Intel Mac OS X 10_14_6) AppleWebKit/537.36 (KHTML, like Gecko) Chrome/80.0.3987.149 Safari/537.36"
::1 - - [16/Apr/2020:14:44:30 +0000] "GET /favicon.ico HTTP/1.1" 404 150 "http://localhost:5005/" "Mozilla/5.0 (Macintosh; Intel Mac OS X 10_14_6) AppleWebKit/537.36 (KHTML, like Gecko) Chrome/80.0.3987.149 Safari/537.36"
::1 - - [16/Apr/2020:14:44:45 +0000] "GET /nothing HTTP/1.1" 404 146 "-" "Mozilla/5.0 (Macintosh; Intel Mac OS X 10_14_6) AppleWebKit/537.36 (KHTML, like Gecko) Chrome/80.0.3987.149 Safari/537.36"
::1 - - [16/Apr/2020:14:48:45 +0000] "GET /api/asdasd HTTP/1.1" 500 36 "-" "curl/7.54.0"
::1 - - [16/Apr/2020:14:48:54 +0000] "GET /home HTTP/1.1" 302 23 "-" "curl/7.54.0"
::1 - - [16/Apr/2020:16:24:36 +0000] "GET / HTTP/1.1" 200 235 "-" "PostmanRuntime/7.24.0"
::1 - - [16/Apr/2020:16:31:25 +0000] "GET /api/users/ HTTP/1.1" 200 89 "-" "PostmanRuntime/7.24.0"
::1 - - [16/Apr/2020:16:52:02 +0000] "POST /api/users/ HTTP/1.1" 404 150 "-" "PostmanRuntime/7.24.0"
::1 - - [16/Apr/2020:17:11:46 +0000] "POST /api/users/ HTTP/1.1" 404 150 "-" "PostmanRuntime/7.24.0"
::1 - - [16/Apr/2020:17:17:11 +0000] "POST /api/users/ HTTP/1.1" 200 91 "-" "PostmanRuntime/7.24.0"
::1 - - [16/Apr/2020:17:17:19 +0000] "GET /api/users/ HTTP/1.1" 200 147 "-" "PostmanRuntime/7.24.0"
::1 - - [16/Apr/2020:17:20:29 +0000] "GET /api/users/ HTTP/1.1" 200 147 "-" "PostmanRuntime/7.24.0"
::1 - - [16/Apr/2020:17:21:07 +0000] "POST /api/users/ HTTP/1.1" 200 91 "-" "PostmanRuntime/7.24.0"
::1 - - [16/Apr/2020:17:21:26 +0000] "POST /api/users/ HTTP/1.1" 200 91 "-" "PostmanRuntime/7.24.0"
::1 - - [16/Apr/2020:17:21:40 +0000] "GET /api/users/ HTTP/1.1" 200 350 "-" "PostmanRuntime/7.24.0"
::1 - - [16/Apr/2020:17:37:26 +0000] "PUT /api/users/4 HTTP/1.1" 500 1513 "-" "PostmanRuntime/7.24.0"
::1 - - [16/Apr/2020:17:38:27 +0000] "PUT /api/users/4 HTTP/1.1" 500 1513 "-" "PostmanRuntime/7.24.0"
::1 - - [16/Apr/2020:17:50:22 +0000] "PUT /api/users/4 HTTP/1.1" 200 147 "-" "PostmanRuntime/7.24.0"
::1 - - [16/Apr/2020:17:50:33 +0000] "GET /api/users/ HTTP/1.1" 200 368 "-" "PostmanRuntime/7.24.0"
